<?xml version="1.0" encoding="UTF-8"?>
<!-- Generated by org.testng.reporters.JUnitReportReporter -->
<testsuite hostname="DESKTOP-9G5CG2U" failures="0" tests="2" name="Restassuredtest.get_request" time="2.334" errors="0" timestamp="2024-01-05T13:12:46 IST" skipped="0">
  <testcase classname="Restassuredtest.get_request" name="getsingleuser" time="1.394"/>
  <system-out/>
  <testcase classname="Restassuredtest.get_request" name="testpost" time="0.940"/>
  <system-out/>
</testsuite> <!-- Restassuredtest.get_request -->
