<?xml version="1.0" encoding="UTF-8"?>
<!-- Generated by org.testng.reporters.JUnitReportReporter -->
<testsuite hostname="DESKTOP-9G5CG2U" failures="0" tests="1" name="Restassuredtest.post_request" time="1.937" errors="0" timestamp="2024-01-05T13:11:15 IST" skipped="0">
  <testcase classname="Restassuredtest.post_request" name="testpost" time="1.937"/>
  <system-out/>
</testsuite> <!-- Restassuredtest.post_request -->
